1375233027524.1375233029559
1375233029565.1375235918499
1375235918520.1375237869795
1375237869795.1375240721664
1375240721664.1375242580108
1375242580108.1375243299272
1375243299272.1375246782867
1375246782867.1375249227283
1375249227283.1375249644334
1375249644334.1375251499608
1375251499628.1375254676150
1375254676180.1375256558439
1375256558449.1375258568744
1375258568764.1375258740821
1375258740821.1375261046178
1375261046188.1375261188239
1375261188249.1375264255000
1375264255010.1375264328089
1375264328099.1375266981438
1375266981458.1375275179550
1375275179570.1375278295976
1375278296006.1375278587052
1375278587052.1375280752285
1375280752295.1375284769276
1375284769276.1375286767816
1375286767816.1375287120891
1375287120891.1375290063458
1375290063458.1375290157476
1375290157476.1375293858112
1375293858122.1375297303157
1375297303157.1375298305467
1375298305467.1375300605279
1375300605289.1375303190972
1375303190992.1375303268119
1375303268139.1375305036425
1375305036445.1375308547199
1375308547209.1375309260403
1375309260403.1375309858929
1375309858929.1375309895949
1375309895949.1375312163499
1375312163499.1375312896623
1375312896623.1375316544346
1375316544356.1375316895425
1375316895425.1375318812729
1375318812739.1375321187091
1375321187091.1375322488302
1375322488302.1375325090686
1375325090686.1375325580802
1375325580802.1375327074001
1375327074001.1375327851138
1375327851138.1375334324288
1375334324288.1375334846419
1375334846419.1375337117815
1375337117815.1375337904001
1375337904001.1375337972038
1375337972038.1375369607602
1375369607612.1375371320916
