1375127468507.1375127625705
1375127743739.1375127754491
1375151040279.1375151052421
1375151052421.1375152397831
1375152397831.1375154221758
1375154221768.1375154857362
1375154857362.1375158999893
1375158999893.1375159779091
1375159779091.1375161122711
1375161122711.1375161980850
1375164759042.1375167031330
1375168696593.1375172093685
1375176091330.1375178106595
1375180353877.1375182182112
1375182182112.1375185059471
1375185059471.1375190520195
1375193741614.1375195146538
1375196064242.1375198388688
1375198550151.1375199469508
1375202032645.1375204311251
1375208338960.1375210172193
1375210172193.1375212231458
1375218276718.1375220594233
1375220722461.1375224982184
1375224982225.1375226865016
1375228446778.1375231528170
1375231579232.1375232684605
1375232689478.1375232693317
1375232734530.1375232981095
1375373292740.1375373296752
1375373296762.1375374979024
1375374979024.1375376514214
1375376514235.1375377183383
1375377183383.1375378971875
1375378971875.1375379185978
1375379186055.1375381781166
1375381781166.1375383377680
1375383377680.1375387953928
1375387953928.1375393284372
1375396603255.1375399285069
1375399285069.1375401066409
1375401066409.1375401473502
1375401473512.1375404927178
1375404927188.1375407576753
1375407576763.1375409481097
1375409481097.1375413714929
1375413714939.1375416190564
1375416190564.1375419398352
1375419398352.1375419698733
1375423759663.1375423762685
1375423762695.1375426364753
1375426364753.1375429882985
1375429882985.1375431909225
1375431909225.1375432274274
1375432274274.1375434146593
1375434146593.1375434753667
1375434753667.1375437558453
1375437558453.1375437562464
1375437562464.1375439873212
1375439873212.1375445534751
1375445534921.1375446261017
1375446261017.1375448004251
1375448004261.1375449436449
1375449436500.1375450765672
1375450765672.1375453003090
1375453003090.1375454874380
1375454874390.1375458347358
1375458347358.1375458461378
1375458461378.1375460834746
1375460834746.1375465043324
1375465043334.1375466154523
1375466154523.1375467165714
1375467165714.1375467779090
1375467779090.1375468665993
1375468665993.1375469268249
1375469268249.1375469941417
1375469941417.1375473104327
1375473104327.1375474358864
1375474358874.1375476880889
1375479298639.1375482605700
1375482605710.1375485495030
1375485495050.1375485574113
1375485574113.1375487911582
1375487911582.1375488213845
1375488213845.1375488225899
1375488225899.1375490327691
1375490327691.1375493177004
1375493177008.1375496653530
1375496653536.1375497698069
1375497698110.1375498581338
1375498581348.1375500046632
1375500046632.1375500931787
1375500931787.1375503533509
1375503533509.1375505320296
1375505320296.1375506059504
1375506059514.1375508443190
