1374869188637.1374874642493
1374874642493.1374877593964
1374877593964.1374880766448
1374880766468.1374883458943
1374883458943.1374886766510
1374886766520.1374888583077
1374888583077.1374890931534
1374983158333.1374986577111
1374995093432.1374997768811
1375002940015.1375005376346
1375015704728.1375019525203
1375022305538.1375025900464
1375031782904.1375034962547
1375034962547.1375038186969
1375040826483.1375043260576
1375044624761.1375049302627
1375060372781.1375065271081
1375065372096.1375069581758
1375072278535.1375075342285
1375075342316.1375077305760
1375079202043.1375082559606
1375089662648.1375094230640
1375099804402.1375103141864
1375109082404.1375111713266
1375116303311.1375118360864
1375118360865.1375118934398
1375119212101.1375119980217
1375125078882.1375126611395
1375127844387.1375129720139
1375129984242.1375131885236
1375151040279.1375151052421
1375151052431.1375152397831
1375152397831.1375154221768
1375154221910.1375154857362
1375154857483.1375158999893
1375158999893.1375159779091
1375159779142.1375161122711
1375161122711.1375161980850
1375162684193.1375162702436
1375162702436.1375164759032
1375164759032.1375166197235
1375166197235.1375167031330
1375167031351.1375168696593
1375168696593.1375170590849
1375170590849.1375172093685
1375172093685.1375176091330
1375176091330.1375178106595
1375178106595.1375180353877
1375180353877.1375182182112
1375182182112.1375185059471
1375185059471.1375185285500
1375185285500.1375188973993
1375188973993.1375190520195
1375190520195.1375191017264
1375191017264.1375193741614
1375193741614.1375194090665
1375194090665.1375195435034
1375195435034.1375195440047
1375195440047.1375196064201
1375196064201.1375198388688
1375198388698.1375198550151
1375198550151.1375199469468
1375199469468.1375202032635
1375202032635.1375204311251
1375204311251.1375208165904
1375208165904.1375208338960
1375208338960.1375210172193
1375210172193.1375212231458
1375212231458.1375212448485
1375212448485.1375214346055
1375214346055.1375218276708
1375218276718.1375220568126
1375220568127.1375220577142
1375220577142.1375220594233
1375220594233.1375220722461
1375220722461.1375224033034
1375224033034.1375224982184
1375224982184.1375226201473
1375226201473.1375226865017
1375226865019.1375228446775
1375228446777.1375229476937
1375229476939.1375231528171
1375231528173.1375231579230
1375231579231.1375232689463
1375232689464.1375232734529
1375233029566.1375235918489
1375237869795.1375242580108
1375249644344.1375251499598
1375256558491.1375258740801
1375261046211.1375264328089
1375266981499.1375275179540
1375275179580.1375278295976
1375278296016.1375280525970
1375281803672.1375284769276
1375290063458.1375290564045
1375293858122.1375297303147
1375297303187.1375303268109
1375309260403.1375312896623
1375312896633.1375316895425
1375318812759.1375321187091
1375321187091.1375325090686
1375325090686.1375327074001
1375327074001.1375333536278
1375334324288.1375337117815
1375337117825.1375337795766
1375337904001.1375369607602
1375369607634.1375369991740
1375370621245.1375371320916
1375423759663.1375423762685
1375423762695.1375426364753
1375426365134.1375429882985
1375429882985.1375431909225
1375431909225.1375432274274
1375432274274.1375434146593
1375434146593.1375434753667
1375434753667.1375437558463
1375437558463.1375437562464
1375437562464.1375439873212
1375439873222.1375445534841
1375445534921.1375446261017
1375446261017.1375448004251
1375448004261.1375449436449
1375449436500.1375450765672
1375450765672.1375453003090
1375453003100.1375454874380
1375454874390.1375458347358
1375458347358.1375458461378
1375458461378.1375460834746
1375460834746.1375465043334
1375465043334.1375466154523
1375466154523.1375467165714
1375467165714.1375467779090
1375467779090.1375468665993
1375468665993.1375469268249
1375469268249.1375469941417
1375469941417.1375473104327
1375473104337.1375474358864
1375474358874.1375476880889
1375479298639.1375482605710
1375482605740.1375485495030
1375485495050.1375485574113
1375485574113.1375487911582
1375487911582.1375488213845
1375488213845.1375488225899
1375488225909.1375490327691
1375490327701.1375493177006
1375493177007.1375496653532
1375496653536.1375497698110
1375497698110.1375498581338
1375498581338.1375500046632
1375500046632.1375500931787
1375500931787.1375503533509
1375503533509.1375505320296
1375505320296.1375506059504
1375506059514.1375508443190
