1375334329880.1375334780820
1375334780820.1375334846419
1375334985277.1375335175025
1375335175025.1375337799437
1375373292740.1375373296762
1375373296762.1375374979024
1375374979024.1375376514224
1375376514235.1375377183383
1375377183383.1375378971875
1375378971875.1375379185978
1375379186055.1375381781166
1375381781176.1375383377680
1375383377680.1375387953928
1375387953928.1375393284382
1375396603255.1375399285069
1375399285069.1375401066409
1375401066409.1375401473512
1375401473512.1375404927188
1375404927188.1375407576753
1375407576763.1375409481097
1375409481097.1375413714939
1375413714939.1375416190564
1375416190564.1375419398352
1375419398352.1375419698743
1375423759663.1375423762695
1375423762695.1375426365134
1375426365134.1375429882985
1375429882985.1375431909225
1375431909225.1375432274274
1375432274274.1375434146593
1375434146593.1375434753667
1375434753667.1375437558463
1375437558463.1375437562464
1375437562464.1375439873212
1375439873222.1375445534921
1375445534921.1375446261017
1375446261017.1375448004261
1375448004261.1375449436500
1375449436500.1375450765672
1375450765672.1375453003100
1375453003100.1375454874390
1375454874390.1375458347358
1375458347358.1375458461378
1375458461378.1375460834746
1375460834746.1375465043334
1375465043334.1375466154523
1375466154523.1375467165714
1375467165714.1375467779090
1375467779090.1375468665993
1375468665993.1375469268249
1375469268249.1375469941417
1375469941417.1375473104337
1375473104337.1375474358864
1375474358874.1375476880889
1375479298639.1375482605730
1375482605740.1375485495050
1375485495050.1375485574113
1375485574113.1375487911582
1375487911582.1375488213845
1375488213845.1375488225899
1375488225909.1375490327701
1375490327701.1375493177007
1375493177008.1375496653535
1375496653536.1375497698110
1375497698110.1375498581338
1375498581348.1375500046632
1375500046632.1375500931787
1375500931787.1375503533509
1375503533509.1375505320296
1375505320296.1375506059514
1375506059514.1375508443190
