1374776290312.1374782283694
1374814793911.1374815610418
1374818754734.1374820584985
1374820585017.1374823744423
1374823744423.1374828967661
1374828967661.1374832830122
1374832830132.1374837618735
1374837618735.1374841509232
1374841509232.1374844007537
1374844007537.1374847020895
1374847020895.1374848997139
1374848997139.1374853396667
1374986577111.1374989553504
1374989553504.1374992870129
1374992870129.1374995093432
1374997768811.1375002940015
1375005376346.1375008089690
1375008089690.1375012523282
1375012523282.1375015704708
1375019525203.1375022305538
1375026075117.1375031782904
1375038193313.1375040826483
1375043260576.1375044621750
1375049302627.1375049838860
1375052917924.1375053071219
1375053071229.1375053260737
1375053260737.1375053677418
1375053677418.1375057059313
1375057059335.1375058948067
1375058954139.1375060368990
1375065271081.1375065372096
1375069581778.1375072278535
1375077305781.1375079202022
1375082559616.1375089662648
1375094230681.1375099804392
1375103141896.1375106477301
1375106477301.1375109082388
1375111713286.1375113783003
1375113783003.1375116303309
1375118940051.1375119208250
1375121327553.1375124266342
1375126611395.1375126973291
1375126973301.1375126983813
1375127846410.1375127880976
1375131885236.1375134157531
1375150216545.1375150498606
1375151040279.1375151052431
1375151052431.1375152397831
1375152397831.1375154221768
1375154221910.1375154857483
1375154857483.1375158999893
1375158999893.1375159779132
1375159779142.1375161122711
1375161122711.1375161980850
1375162702446.1375166197235
1375166197235.1375168696593
1375172093709.1375176091330
1375178106595.1375185285500
1375190520195.1375193741614
1375195440047.1375198550120
1375199469508.1375208165904
1375208165904.1375212448485
1375212448485.1375214346055
1375214346055.1375220568106
1375220568127.1375220577193
1375220594233.1375220611454
1375220630528.1375220643066
1375220674915.1375224033034
1375224033034.1375226201473
1375226201483.1375228446773
1375231528173.1375232988928
1375233027524.1375233029563
1375233029564.1375235918510
1375235918520.1375237869795
1375237869795.1375240721664
1375240721664.1375242580108
1375242580108.1375243299272
1375243299272.1375246782867
1375246782867.1375249227283
1375249227283.1375249644344
1375249644344.1375251499618
1375251499628.1375254676170
1375254676180.1375256558459
1375256558459.1375258568754
1375258568764.1375258740821
1375258740821.1375261046188
1375261046188.1375261188249
1375261188259.1375264255050
1375264255050.1375264328099
1375264328099.1375266981458
1375266981458.1375275179560
1375275179570.1375278295996
1375278296006.1375278587072
1375278587082.1375280752295
1375280752295.1375284769276
1375284769276.1375286767816
1375286767816.1375287120891
1375287120891.1375290063458
1375290063458.1375290157476
1375290157476.1375293858122
1375293858122.1375297303167
1375297303167.1375298305467
1375298305467.1375300605279
1375300605289.1375303190992
1375303190992.1375303268129
1375303268139.1375305036435
1375305036445.1375308547209
1375308547209.1375309260403
1375309260403.1375309858929
1375309858929.1375309895949
1375309895949.1375312163499
1375312163499.1375312896633
1375312896633.1375316544356
1375316544356.1375316895425
1375316895425.1375318812739
1375318812739.1375321187091
1375321187091.1375322488302
1375322488302.1375325090686
1375325090686.1375325580802
1375325580802.1375327074001
1375327074001.1375327851138
1375327851138.1375334324288
1375334324288.1375334846419
1375334846419.1375337117825
1375337117825.1375337904001
1375337904001.1375337972038
1375337972038.1375369607602
1375369607612.1375371320916
1375373292740.1375373296762
1375373296762.1375374979024
1375374979024.1375376514235
1375376514235.1375377183383
1375377183383.1375378971875
1375378971875.1375379185989
1375379186055.1375381781166
1375381781176.1375383377680
1375383377680.1375387953928
1375387953928.1375393284382
